This is pdfTeX, Version 3.141592653-2.6-1.40.22 (TeX Live 2022/dev/Debian) (preloaded format=prv_hw3.org 2023.9.20)  20 SEP 2023 22:41
entering extended mode
 restricted \write18 enabled.
 file:line:error style messages enabled.
 %&-line parsing enabled.
**&prv_hw3.org /AUCTEXINPUT{ hw3.org.tex }
(./hw3.org.tex (/usr/share/texlive/texmf-dist/tex/latex/l3backend/l3backend-pdftex.def
File: l3backend-pdftex.def 2022-01-12 L3 backend support: PDF output (pdfTeX)
\l__color_backend_stack_int=\count272
\l__pdf_internal_box=\box55
)
No file hw3.org.aux.
LaTeX Font Info:    Checking defaults for OML/cmm/m/it on input line 29.
LaTeX Font Info:    ... okay on input line 29.
LaTeX Font Info:    Checking defaults for OMS/cmsy/m/n on input line 29.
LaTeX Font Info:    ... okay on input line 29.
LaTeX Font Info:    Checking defaults for OT1/cmr/m/n on input line 29.
LaTeX Font Info:    ... okay on input line 29.
LaTeX Font Info:    Checking defaults for T1/cmr/m/n on input line 29.
LaTeX Font Info:    ... okay on input line 29.
LaTeX Font Info:    Checking defaults for TS1/cmr/m/n on input line 29.
LaTeX Font Info:    ... okay on input line 29.
LaTeX Font Info:    Checking defaults for OMX/cmex/m/n on input line 29.
LaTeX Font Info:    ... okay on input line 29.
LaTeX Font Info:    Checking defaults for U/cmr/m/n on input line 29.
LaTeX Font Info:    ... okay on input line 29.
(/usr/share/texlive/texmf-dist/tex/context/base/mkii/supp-pdf.mkii
[Loading MPS to PDF converter (version 2006.09.02).]
\scratchcounter=\count273
\scratchdimen=\dimen153
\scratchbox=\box56
\nofMPsegments=\count274
\nofMParguments=\count275
\everyMPshowfont=\toks25
\MPscratchCnt=\count276
\MPscratchDim=\dimen154
\MPnumerator=\count277
\makeMPintoPDFobject=\count278
\everyMPtoPDFconversion=\toks26
) (/usr/share/texlive/texmf-dist/tex/latex/epstopdf-pkg/epstopdf-base.sty
Package: epstopdf-base 2020-01-24 v2.11 Base part for package epstopdf
Package epstopdf-base Info: Redefining graphics rule for `.eps' on input line 485.
 (/usr/share/texlive/texmf-dist/tex/latex/latexconfig/epstopdf-sys.cfg
File: epstopdf-sys.cfg 2010/07/13 v1.3 Configuration of (r)epstopdf for TeX Live
)) (/home/speedy/.emacs.d/elpa/auctex-13.2.1/latex/preview.sty
Package: preview 2023/01/17 13.2 (AUCTeX/preview-latex)
 (/usr/share/texlive/texmf-dist/tex/generic/luatex85/luatex85.sty
Package: luatex85 2016/06/15 v1.4 pdftex aliases for luatex
) (/home/speedy/.emacs.d/elpa/auctex-13.2.1/latex/prtightpage.def
\PreviewBorder=\dimen155
) (/home/speedy/.emacs.d/elpa/auctex-13.2.1/latex/prauctex.def
No auxiliary output files.


\hbadness=\count279
\hfuzz=\dimen156
(/home/speedy/.emacs.d/elpa/auctex-13.2.1/latex/prauctex.cfg)) (/home/speedy/.emacs.d/elpa/auctex-13.2.1/latex/prfootnotes.def)
\pr@snippet=\count280
\pr@box=\box57
\pr@output=\toks27

Preview: Fontsize 10pt
Preview: PDFoutput 1
)
./hw3.org.tex:30: You can't use `macro parameter character #' in vertical mode.
l.30 \begin{center}\large#
                          1\end{center}
Sorry, but I'm not programmed to handle this case;
I'll just pretend that you didn't ask for it.
If you're in the wrong mode, you might be able to
return to the right one by typing `I}' or `I$' or `I\par'.

./hw3.org.tex:31: Preview: Snippet 1 started.
<-><->
      
l.31 \begin{align*}
                   
Not a real error.

./hw3.org.tex:34: You can't use `macro parameter character #' in horizontal mode.
<argument> ##
             2
l.34   \end{align*}
                   
Sorry, but I'm not programmed to handle this case;
I'll just pretend that you didn't ask for it.
If you're in the wrong mode, you might be able to
return to the right one by typing `I}' or `I$' or `I\par'.

./hw3.org.tex:34: Undefined control sequence.
<argument>  \intertext {##2} \BODY 
                                   
l.34   \end{align*}
                   
The control sequence at the end of the top line
of your error message was never \def'ed. If you have
misspelled it (e.g., `\hobx'), type `I' and the correct
spelling (e.g., `I\hbox'). Otherwise just continue,
and I'll forget about whatever was undefined.

./hw3.org.tex:34: You can't use `macro parameter character #' in horizontal mode.
<argument> ##
             2
l.34   \end{align*}
                   
Sorry, but I'm not programmed to handle this case;
I'll just pretend that you didn't ask for it.
If you're in the wrong mode, you might be able to
return to the right one by typing `I}' or `I$' or `I\par'.

./hw3.org.tex:34: Undefined control sequence.
<argument>  \intertext {##2} \BODY 
                                   
l.34   \end{align*}
                   
The control sequence at the end of the top line
of your error message was never \def'ed. If you have
misspelled it (e.g., `\hobx'), type `I' and the correct
spelling (e.g., `I\hbox'). Otherwise just continue,
and I'll forget about whatever was undefined.

Preview: Tightpage -32891 -32891 32891 32891
./hw3.org.tex:34: Preview: Snippet 1 ended.(2294752+0x34664398).
<-><->
      
l.34   \end{align*}
                   
Not a real error.

[1{/var/lib/texmf/fonts/map/pdftex/updmap/pdftex.map}]

./hw3.org.tex:35: LaTeX Error: Can be used only in preamble.

See the LaTeX manual or LaTeX Companion for explanation.
Type  H <return>  for immediate help.
 ...                                              
                                                  
l.35 \begin{document}
                     
Your command was ignored.
Type  I <command> <return>  to replace it with another command,
or  <return>  to continue without it.


./hw3.org.tex:36: LaTeX Error: No \title given.

See the LaTeX manual or LaTeX Companion for explanation.
Type  H <return>  for immediate help.
 ...                                              
                                                  
l.36 \maketitle
               
Try typing  <return>  to proceed.
If that doesn't work, type  X <return>  to quit.


LaTeX Warning: No \author given.

./hw3.org.tex:37: Preview: Snippet 2 started.
<-><->
      
l.37 \section
             {Problem 3.2 parts a, b, d, f, and h}
Not a real error.

./hw3.org.tex:37: Preview: Snippet 2 ended.(651269+183455x34664398).
<-><->
      
l.37 \section{Problem 3.2 parts a, b, d, f, and h}
                                                  
Not a real error.

[2

]
./hw3.org.tex:40: Preview: Snippet 3 started.
<-><->
      
l.40 \item $
            x(n) = (1+n)u(n)$
Not a real error.

./hw3.org.tex:40: Preview: Snippet 3 ended.(491520+163840x5461487).
<-><->
      
l.40 \item $x(n) = (1+n)u(n)$
                             
Not a real error.

[3]
./hw3.org.tex:41: Preview: Snippet 4 started.
<-><->
      
l.41 \item $
            x(n) = (a^{n} + a^{-n})u(n)$ real $a$
Not a real error.

./hw3.org.tex:41: Preview: Snippet 4 ended.(521815+163840x6556337).
<-><->
      
l.41 \item $x(n) = (a^{n} + a^{-n})u(n)$
                                         real $a$
Not a real error.

[4]
./hw3.org.tex:41: Preview: Snippet 5 started.
<-><->
      
l.41 \item $x(n) = (a^{n} + a^{-n})u(n)$ real $
                                               a$
Not a real error.

./hw3.org.tex:41: Preview: Snippet 5 ended.(282168+0x346416).
<-><->
      
l.41 \item $x(n) = (a^{n} + a^{-n})u(n)$ real $a$
                                                 
Not a real error.

[5]
./hw3.org.tex:42: Preview: Snippet 6 started.
<-><->
      
l.42 \item $
            x(n) = (na^{n}\sin{\omega_0n})u(n)$
Not a real error.

./hw3.org.tex:42: Preview: Snippet 6 ended.(491520+163840x7154356).
<-><->
      
l.42 \item $x(n) = (na^{n}\sin{\omega_0n})u(n)$
                                               
Not a real error.

[6]
./hw3.org.tex:43: Preview: Snippet 7 started.
<-><->
      
l.43 \item $
            x(n) = Ar^n\cos{\omega_0n + \phi}u(n)$
Not a real error.

./hw3.org.tex:43: Preview: Snippet 7 ended.(491520+163840x7974534).
<-><->
      
l.43 \item $x(n) = Ar^n\cos{\omega_0n + \phi}u(n)$
                                                  
Not a real error.

[7]
./hw3.org.tex:44: Preview: Snippet 8 started.
<-><->
      
l.44 \item $
            x(n) = \wfbrac{\frac{1}{2}}^{n}[u(n)-u(n-10)]$
Not a real error.

./hw3.org.tex:44: Undefined control sequence.
l.44 \item $x(n) = \wfbrac
                          {\frac{1}{2}}^{n}[u(n)-u(n-10)]$
The control sequence at the end of the top line
of your error message was never \def'ed. If you have
misspelled it (e.g., `\hobx'), type `I' and the correct
spelling (e.g., `I\hbox'). Otherwise just continue,
and I'll forget about whatever was undefined.

./hw3.org.tex:44: Preview: Snippet 8 ended.(589176+225995x8104669).
<-><->
      
l.44 ... = \wfbrac{\frac{1}{2}}^{n}[u(n)-u(n-10)]$
                                                  
Not a real error.

[8]
./hw3.org.tex:50: Preview: Snippet 9 started.
<-><->
      
l.50 \section
             {Problem 3.3 a-d}
Not a real error.

./hw3.org.tex:50: Preview: Snippet 9 ended.(651269+0x34664398).
<-><->
      
l.50 \section{Problem 3.3 a-d}
                              
Not a real error.

[9

]
./hw3.org.tex:53: Preview: Snippet 10 started.
<-><->
      
l.53 \[
       
Not a real error.

./hw3.org.tex:56: Undefined control sequence.
l.56 \wfparen
             {\frac{1}{3}}^{n} & \text{if } n \geq 0\\
The control sequence at the end of the top line
of your error message was never \def'ed. If you have
misspelled it (e.g., `\hobx'), type `I' and the correct
spelling (e.g., `I\hbox'). Otherwise just continue,
and I'll forget about whatever was undefined.

./hw3.org.tex:57: Undefined control sequence.
l.57 \wfparen
             {\frac{1}{2}}^{-n} & \text{if } n < 0
The control sequence at the end of the top line
of your error message was never \def'ed. If you have
misspelled it (e.g., `\hobx'), type `I' and the correct
spelling (e.g., `I\hbox'). Otherwise just continue,
and I'll forget about whatever was undefined.

./hw3.org.tex:59: Preview: Snippet 10 ended.(1966099+0x20875973).
<-><->
      
l.59 \]
       
Not a real error.

[10]
./hw3.org.tex:61: Preview: Snippet 11 started.
<-><->
      
l.61 \[
       
Not a real error.

./hw3.org.tex:64: Undefined control sequence.
l.64 \wfparen
             {\frac{1}{3}}^{n} - 2^{n} & \text{if } n \geq 0\\
The control sequence at the end of the top line
of your error message was never \def'ed. If you have
misspelled it (e.g., `\hobx'), type `I' and the correct
spelling (e.g., `I\hbox'). Otherwise just continue,
and I'll forget about whatever was undefined.

./hw3.org.tex:67: Preview: Snippet 11 ended.(1966099+0x21413875).
<-><->
      
l.67 \]
       
Not a real error.

[11]
./hw3.org.tex:68: Preview: Snippet 12 started.
<-><->
      
l.68 \item $
            x_3(n) = x_1(n+4)$
Not a real error.

./hw3.org.tex:68: Preview: Snippet 12 ended.(491520+163840x5145787).
<-><->
      
l.68 \item $x_3(n) = x_1(n+4)$
                              
Not a real error.

[12]
./hw3.org.tex:69: Preview: Snippet 13 started.
<-><->
      
l.69 \item $
            x_4(n) = x_1(-n)$
Not a real error.

./hw3.org.tex:69: Preview: Snippet 13 ended.(491520+163840x4526842).
<-><->
      
l.69 \item $x_4(n) = x_1(-n)$
                             
Not a real error.

[13]
./hw3.org.tex:71: Preview: Snippet 14 started.
<-><->
      
l.71 \section
             {Problem 3.7}
Not a real error.

./hw3.org.tex:71: Preview: Snippet 14 ended.(651269+0x34664398).
<-><->
      
l.71 \section{Problem 3.7}
                          
Not a real error.

[14

] )
(\end occurred inside a group at level 1)

### semi simple group (level 1) entered at line 35 (\begingroup)
### bottom level 
Here is how much of TeX's memory you used:
 809 strings out of 477770
 14511 string characters out of 5861784
 323554 words of memory out of 5000000
 21100 multiletter control sequences out of 15000+600000
 485082 words of font info for 68 fonts, out of 8000000 for 9000
 59 hyphenation exceptions out of 8191
 46i,10n,55p,184b,308s stack positions out of 5000i,500n,10000p,200000b,80000s
 </home/speedy/.texlive2021/texmf-var/fonts/pk/ljfour/jknappen/ec/ecbx1440.600pk> </home/speedy/.texlive2021/texmf-var/fonts/pk/ljfour/jknappen/ec/ecrm1000.600pk></usr/share/texlive/texmf-dist/fonts/type1/public/amsfonts/cm/cmex10.pfb></usr/share/texlive/texmf-dist/fonts/type1/public/amsfonts/cm/cmmi10.pfb></usr/share/texlive/texmf-dist/fonts/type1/public/amsfonts/cm/cmmi7.pfb></usr/share/texlive/texmf-dist/fonts/type1/public/amsfonts/cm/cmr10.pfb></usr/share/texlive/texmf-dist/fonts/type1/public/amsfonts/cm/cmr7.pfb></usr/share/texlive/texmf-dist/fonts/type1/public/amsfonts/cm/cmsy10.pfb></usr/share/texlive/texmf-dist/fonts/type1/public/amsfonts/cm/cmsy7.pfb>
Output written on hw3.org.pdf (14 pages, 75529 bytes).
PDF statistics:
 118 PDF objects out of 1000 (max. 8388607)
 62 compressed objects within 1 object stream
 0 named destinations out of 1000 (max. 500000)
 1 words of extra memory for PDF output out of 10000 (max. 10000000)

